\BOOKMARK [0][-]{dummy.1}{\376\377\000C\000e\000r\000t\000i\000f\000i\000c\000a\000t\000e}{}% 1
\BOOKMARK [0][-]{dummy.2}{\376\377\000A\000b\000s\000t\000r\000a\000c\000t}{}% 2
\BOOKMARK [0][-]{dummy.3}{\376\377\000A\000c\000k\000n\000o\000w\000l\000e\000d\000g\000e\000m\000e\000n\000t\000s}{}% 3
\BOOKMARK [0][-]{dummy.4}{\376\377\000C\000o\000n\000t\000e\000n\000t\000s}{}% 4
\BOOKMARK [0][-]{chapter.6}{\376\377\0001\000\040\000I\000n\000t\000r\000o\000d\000u\000c\000t\000i\000o\000n}{}% 5
\BOOKMARK [1][-]{section.7}{\376\377\0001\000.\0001\000\040\000C\000h\000a\000l\000l\000e\000n\000g\000e\000s\000\040\000i\000n\000\040\000t\000r\000a\000d\000i\000t\000i\000o\000n\000a\000l\000\040\000n\000u\000m\000e\000r\000i\000c\000a\000l\000\040\000m\000e\000t\000h\000o\000d\000s\000\040\000f\000o\000r\000\040\000b\000o\000u\000n\000d\000a\000r\000y\000/\000i\000n\000t\000e\000r\000i\000o\000r\000\040\000l\000a\000y\000e\000r\000s}{chapter.6}% 6
\BOOKMARK [1][-]{section.8}{\376\377\0001\000.\0002\000\040\000D\000i\000f\000f\000i\000c\000u\000l\000t\000i\000e\000s\000\040\000f\000o\000r\000\040\000h\000i\000g\000h\000\040\000f\000r\000e\000q\000u\000e\000n\000c\000y\000\040\000w\000a\000v\000e\000s}{chapter.6}% 7
\BOOKMARK [1][-]{section.9}{\376\377\0001\000.\0003\000\040\000W\000a\000v\000e\000\040\000E\000q\000u\000a\000t\000i\000o\000n}{chapter.6}% 8
\BOOKMARK [1][-]{section.11}{\376\377\0001\000.\0004\000\040\000R\000e\000c\000t\000a\000n\000g\000u\000l\000a\000r\000\040\000C\000e\000l\000l\000\040\000T\000a\000i\000l\000o\000r\000e\000d\000\040\000F\000i\000n\000i\000t\000e\000\040\000P\000o\000i\000n\000t\000\040\000S\000c\000h\000e\000m\000e\000\040\000\050\000R\000C\000T\000F\000P\000M\000\051}{chapter.6}% 9
\BOOKMARK [2][-]{subsection.14}{\376\377\0001\000.\0004\000.\0001\000\040\000S\000t\000a\000b\000i\000l\000i\000t\000y\000\040\000A\000n\000a\000l\000y\000s\000i\000s}{section.11}% 10
\BOOKMARK [2][-]{subsection.15}{\376\377\0001\000.\0004\000.\0002\000\040\000E\000x\000a\000m\000p\000l\000e\000\040\0001}{section.11}% 11
\BOOKMARK [2][-]{subsection.20}{\376\377\0001\000.\0004\000.\0003\000\040\000E\000x\000a\000m\000p\000l\000e\000\040\0002}{section.11}% 12
\BOOKMARK [2][-]{subsection.35}{\376\377\0001\000.\0004\000.\0004\000\040\000E\000x\000a\000m\000p\000l\000e\000\040\0003}{section.11}% 13
\BOOKMARK [1][-]{section.42}{\376\377\0001\000.\0005\000\040\000C\000e\000n\000t\000e\000r\000e\000d\000\040\000t\000a\000i\000l\000o\000r\000e\000d\000\040\000f\000i\000n\000i\000t\000e\000\040\000p\000o\000i\000n\000t\000\040\000m\000e\000t\000h\000o\000d\000\040\000\050\000C\000T\000F\000P\000M\000\051}{chapter.6}% 14
\BOOKMARK [2][-]{subsection.45}{\376\377\0001\000.\0005\000.\0001\000\040\000S\000t\000a\000b\000i\000l\000i\000t\000y\000\040\000A\000n\000a\000l\000y\000s\000i\000s}{section.42}% 15
\BOOKMARK [2][-]{subsection.46}{\376\377\0001\000.\0005\000.\0002\000\040\000A\000c\000c\000u\000r\000a\000c\000y}{section.42}% 16
\BOOKMARK [2][-]{subsection.47}{\376\377\0001\000.\0005\000.\0003\000\040\000E\000x\000a\000m\000p\000l\000e}{section.42}% 17
\BOOKMARK [1][-]{section.52}{\376\377\0001\000.\0006\000\040\000O\000n\000e\000\040\000S\000i\000d\000e\000d\000\040\000T\000a\000i\000l\000o\000r\000e\000d\000\040\000F\000i\000n\000i\000t\000e\000\040\000P\000o\000i\000n\000t\000\040\000M\000e\000t\000h\000o\000d\000\040\000\050\000O\000S\000T\000F\000P\000M\000\051}{chapter.6}% 18
\BOOKMARK [2][-]{subsection.55}{\376\377\0001\000.\0006\000.\0001\000\040\000S\000t\000a\000b\000i\000l\000i\000t\000y\000\040\000C\000r\000i\000t\000e\000r\000i\000o\000n}{section.52}% 19
\BOOKMARK [2][-]{subsection.56}{\376\377\0001\000.\0006\000.\0002\000\040\000A\000c\000c\000u\000r\000a\000c\000y}{section.52}% 20
\BOOKMARK [2][-]{subsection.57}{\376\377\0001\000.\0006\000.\0003\000\040\000E\000x\000a\000m\000p\000l\000e}{section.52}% 21
\BOOKMARK [0][-]{chapter.62}{\376\377\0002\000\040\000P\000a\000r\000a\000b\000o\000l\000i\000c\000\040\000P\000r\000o\000b\000l\000e\000m}{}% 22
\BOOKMARK [1][-]{section.63}{\376\377\0002\000.\0001\000\040\000P\000a\000r\000a\000b\000o\000l\000i\000c\000\040\000P\000r\000o\000b\000l\000e\000m}{chapter.62}% 23
\BOOKMARK [2][-]{subsection.73}{\376\377\0002\000.\0001\000.\0001\000\040\000S\000t\000a\000b\000i\000l\000i\000t\000y\000\040\000c\000r\000i\000t\000e\000r\000i\000o\000n}{section.63}% 24
\BOOKMARK [2][-]{subsection.74}{\376\377\0002\000.\0001\000.\0002\000\040\000E\000x\000a\000m\000p\000l\000e}{section.63}% 25
\BOOKMARK [0][-]{chapter.78}{\376\377\0003\000\040\000T\000F\000P\000M\000\040\000i\000n\000\040\000t\000w\000o\000\040\000d\000i\000m\000e\000n\000s\000i\000o\000n\000s}{}% 26
\BOOKMARK [1][-]{subsection.79}{\376\377\0003\000.\0000\000.\0001\000\040\000C\000o\000n\000v\000e\000c\000t\000i\000o\000n\000-\000D\000i\000f\000f\000u\000s\000i\000o\000n\000-\000R\000e\000a\000c\000t\000i\000o\000n\000\040\000P\000r\000o\000b\000l\000e\000m}{chapter.78}% 27
\BOOKMARK [2][-]{subsection.96}{\376\377\0003\000.\0000\000.\0002\000\040\000E\000x\000a\000m\000p\000l\000e}{subsection.79}% 28
\BOOKMARK [0][-]{chapter.99}{\376\377\0004\000\040\000P\000C\000T\000F\000P\000M\000\040\000a\000n\000d\000\040\000S\000h\000i\000s\000h\000k\000i\000n\000\040\000M\000e\000s\000h\000\040\000T\000h\000e\000o\000r\000y}{}% 29
\BOOKMARK [1][-]{section.100}{\376\377\0004\000.\0001\000\040\000P\000a\000r\000a\000l\000l\000e\000l\000o\000g\000r\000a\000m\000\040\000C\000e\000n\000t\000r\000e\000d\000\040\000T\000a\000i\000l\000o\000r\000e\000d\000\040\000F\000i\000n\000i\000t\000e\000\040\000P\000o\000i\000n\000t\000\040\000M\000e\000t\000h\000o\000d\000\040\000\050\000P\000C\000T\000F\000P\000M\000\051}{chapter.99}% 30
\BOOKMARK [1][-]{section.102}{\376\377\0004\000.\0002\000\040\000S\000h\000i\000s\000h\000k\000i\000n\000\040\000M\000e\000s\000h}{chapter.99}% 31
\BOOKMARK [2][-]{subsection.104}{\376\377\0004\000.\0002\000.\0001\000\040\000C\000o\000n\000s\000t\000r\000u\000c\000t\000i\000o\000n\000\040\000o\000f\000\040\000t\000h\000e\000\040\000m\000e\000s\000h\000\040\000a\000n\000d\000\040\000a\000n\000\040\000I\000m\000p\000l\000i\000c\000i\000t\000\040\000S\000c\000h\000e\000m\000e}{section.102}% 32
\BOOKMARK [0][-]{Item.110}{\376\377\000R\000e\000f\000e\000r\000e\000n\000c\000e\000s\000t\000h}{}% 33
