This is pdfTeX, Version 3.14159265-2.6-1.40.16 (TeX Live 2015/Debian) (preloaded format=pdflatex 2017.5.28)  30 MAY 2017 20:15
entering extended mode
 restricted \write18 enabled.
 %&-line parsing enabled.
**main.tex
(./main.tex
LaTeX2e <2016/02/01>
Babel <3.9q> and hyphenation patterns for 3 language(s) loaded.
(./Thesis.cls
Document Class: Thesis 2007/22/02 v1.0 LaTeX document class
(/usr/share/texlive/texmf-dist/tex/latex/base/book.cls
Document Class: book 2014/09/29 v1.4h Standard LaTeX document class
(/usr/share/texlive/texmf-dist/tex/latex/base/bk11.clo
File: bk11.clo 2014/09/29 v1.4h Standard LaTeX file (size option)
)
\c@part=\count79
\c@chapter=\count80
\c@section=\count81
\c@subsection=\count82
\c@subsubsection=\count83
\c@paragraph=\count84
\c@subparagraph=\count85
\c@figure=\count86
\c@table=\count87
\abovecaptionskip=\skip41
\belowcaptionskip=\skip42
\bibindent=\dimen102
)
(/usr/share/texlive/texmf-dist/tex/latex/base/inputenc.sty
Package: inputenc 2015/03/17 v1.2c Input encoding file
\inpenc@prehook=\toks14
\inpenc@posthook=\toks15

(/usr/share/texlive/texmf-dist/tex/latex/base/utf8.def
File: utf8.def 2015/12/03 v1.1r UTF-8 support for inputenc
Now handling font encoding OML ...
... no UTF-8 mapping file for font encoding OML
Now handling font encoding T1 ...
... processing UTF-8 mapping file for font encoding T1

(/usr/share/texlive/texmf-dist/tex/latex/base/t1enc.dfu
File: t1enc.dfu 2015/12/03 v1.1r UTF-8 support for inputenc
   defining Unicode char U+00A0 (decimal 160)
   defining Unicode char U+00A1 (decimal 161)
   defining Unicode char U+00A3 (decimal 163)
   defining Unicode char U+00AB (decimal 171)
   defining Unicode char U+00AD (decimal 173)
   defining Unicode char U+00BB (decimal 187)
   defining Unicode char U+00BF (decimal 191)
   defining Unicode char U+00C0 (decimal 192)
   defining Unicode char U+00C1 (decimal 193)
   defining Unicode char U+00C2 (decimal 194)
   defining Unicode char U+00C3 (decimal 195)
   defining Unicode char U+00C4 (decimal 196)
   defining Unicode char U+00C5 (decimal 197)
   defining Unicode char U+00C6 (decimal 198)
   defining Unicode char U+00C7 (decimal 199)
   defining Unicode char U+00C8 (decimal 200)
   defining Unicode char U+00C9 (decimal 201)
   defining Unicode char U+00CA (decimal 202)
   defining Unicode char U+00CB (decimal 203)
   defining Unicode char U+00CC (decimal 204)
   defining Unicode char U+00CD (decimal 205)
   defining Unicode char U+00CE (decimal 206)
   defining Unicode char U+00CF (decimal 207)
   defining Unicode char U+00D0 (decimal 208)
   defining Unicode char U+00D1 (decimal 209)
   defining Unicode char U+00D2 (decimal 210)
   defining Unicode char U+00D3 (decimal 211)
   defining Unicode char U+00D4 (decimal 212)
   defining Unicode char U+00D5 (decimal 213)
   defining Unicode char U+00D6 (decimal 214)
   defining Unicode char U+00D8 (decimal 216)
   defining Unicode char U+00D9 (decimal 217)
   defining Unicode char U+00DA (decimal 218)
   defining Unicode char U+00DB (decimal 219)
   defining Unicode char U+00DC (decimal 220)
   defining Unicode char U+00DD (decimal 221)
   defining Unicode char U+00DE (decimal 222)
   defining Unicode char U+00DF (decimal 223)
   defining Unicode char U+00E0 (decimal 224)
   defining Unicode char U+00E1 (decimal 225)
   defining Unicode char U+00E2 (decimal 226)
   defining Unicode char U+00E3 (decimal 227)
   defining Unicode char U+00E4 (decimal 228)
   defining Unicode char U+00E5 (decimal 229)
   defining Unicode char U+00E6 (decimal 230)
   defining Unicode char U+00E7 (decimal 231)
   defining Unicode char U+00E8 (decimal 232)
   defining Unicode char U+00E9 (decimal 233)
   defining Unicode char U+00EA (decimal 234)
   defining Unicode char U+00EB (decimal 235)
   defining Unicode char U+00EC (decimal 236)
   defining Unicode char U+00ED (decimal 237)
   defining Unicode char U+00EE (decimal 238)
   defining Unicode char U+00EF (decimal 239)
   defining Unicode char U+00F0 (decimal 240)
   defining Unicode char U+00F1 (decimal 241)
   defining Unicode char U+00F2 (decimal 242)
   defining Unicode char U+00F3 (decimal 243)
   defining Unicode char U+00F4 (decimal 244)
   defining Unicode char U+00F5 (decimal 245)
   defining Unicode char U+00F6 (decimal 246)
   defining Unicode char U+00F8 (decimal 248)
   defining Unicode char U+00F9 (decimal 249)
   defining Unicode char U+00FA (decimal 250)
   defining Unicode char U+00FB (decimal 251)
   defining Unicode char U+00FC (decimal 252)
   defining Unicode char U+00FD (decimal 253)
   defining Unicode char U+00FE (decimal 254)
   defining Unicode char U+00FF (decimal 255)
   defining Unicode char U+0100 (decimal 256)
   defining Unicode char U+0101 (decimal 257)
   defining Unicode char U+0102 (decimal 258)
   defining Unicode char U+0103 (decimal 259)
   defining Unicode char U+0104 (decimal 260)
   defining Unicode char U+0105 (decimal 261)
   defining Unicode char U+0106 (decimal 262)
   defining Unicode char U+0107 (decimal 263)
   defining Unicode char U+0108 (decimal 264)
   defining Unicode char U+0109 (decimal 265)
   defining Unicode char U+010A (decimal 266)
   defining Unicode char U+010B (decimal 267)
   defining Unicode char U+010C (decimal 268)
   defining Unicode char U+010D (decimal 269)
   defining Unicode char U+010E (decimal 270)
   defining Unicode char U+010F (decimal 271)
   defining Unicode char U+0110 (decimal 272)
   defining Unicode char U+0111 (decimal 273)
   defining Unicode char U+0112 (decimal 274)
   defining Unicode char U+0113 (decimal 275)
   defining Unicode char U+0114 (decimal 276)
   defining Unicode char U+0115 (decimal 277)
   defining Unicode char U+0116 (decimal 278)
   defining Unicode char U+0117 (decimal 279)
   defining Unicode char U+0118 (decimal 280)
   defining Unicode char U+0119 (decimal 281)
   defining Unicode char U+011A (decimal 282)
   defining Unicode char U+011B (decimal 283)
   defining Unicode char U+011C (decimal 284)
   defining Unicode char U+011D (decimal 285)
   defining Unicode char U+011E (decimal 286)
   defining Unicode char U+011F (decimal 287)
   defining Unicode char U+0120 (decimal 288)
   defining Unicode char U+0121 (decimal 289)
   defining Unicode char U+0122 (decimal 290)
   defining Unicode char U+0123 (decimal 291)
   defining Unicode char U+0124 (decimal 292)
   defining Unicode char U+0125 (decimal 293)
   defining Unicode char U+0128 (decimal 296)
   defining Unicode char U+0129 (decimal 297)
   defining Unicode char U+012A (decimal 298)
   defining Unicode char U+012B (decimal 299)
   defining Unicode char U+012C (decimal 300)
   defining Unicode char U+012D (decimal 301)
   defining Unicode char U+012E (decimal 302)
   defining Unicode char U+012F (decimal 303)
   defining Unicode char U+0130 (decimal 304)
   defining Unicode char U+0131 (decimal 305)
   defining Unicode char U+0132 (decimal 306)
   defining Unicode char U+0133 (decimal 307)
   defining Unicode char U+0134 (decimal 308)
   defining Unicode char U+0135 (decimal 309)
   defining Unicode char U+0136 (decimal 310)
   defining Unicode char U+0137 (decimal 311)
   defining Unicode char U+0139 (decimal 313)
   defining Unicode char U+013A (decimal 314)
   defining Unicode char U+013B (decimal 315)
   defining Unicode char U+013C (decimal 316)
   defining Unicode char U+013D (decimal 317)
   defining Unicode char U+013E (decimal 318)
   defining Unicode char U+0141 (decimal 321)
   defining Unicode char U+0142 (decimal 322)
   defining Unicode char U+0143 (decimal 323)
   defining Unicode char U+0144 (decimal 324)
   defining Unicode char U+0145 (decimal 325)
   defining Unicode char U+0146 (decimal 326)
   defining Unicode char U+0147 (decimal 327)
   defining Unicode char U+0148 (decimal 328)
   defining Unicode char U+014A (decimal 330)
   defining Unicode char U+014B (decimal 331)
   defining Unicode char U+014C (decimal 332)
   defining Unicode char U+014D (decimal 333)
   defining Unicode char U+014E (decimal 334)
   defining Unicode char U+014F (decimal 335)
   defining Unicode char U+0150 (decimal 336)
   defining Unicode char U+0151 (decimal 337)
   defining Unicode char U+0152 (decimal 338)
   defining Unicode char U+0153 (decimal 339)
   defining Unicode char U+0154 (decimal 340)
   defining Unicode char U+0155 (decimal 341)
   defining Unicode char U+0156 (decimal 342)
   defining Unicode char U+0157 (decimal 343)
   defining Unicode char U+0158 (decimal 344)
   defining Unicode char U+0159 (decimal 345)
   defining Unicode char U+015A (decimal 346)
   defining Unicode char U+015B (decimal 347)
   defining Unicode char U+015C (decimal 348)
   defining Unicode char U+015D (decimal 349)
   defining Unicode char U+015E (decimal 350)
   defining Unicode char U+015F (decimal 351)
   defining Unicode char U+0160 (decimal 352)
   defining Unicode char U+0161 (decimal 353)
   defining Unicode char U+0162 (decimal 354)
   defining Unicode char U+0163 (decimal 355)
   defining Unicode char U+0164 (decimal 356)
   defining Unicode char U+0165 (decimal 357)
   defining Unicode char U+0168 (decimal 360)
   defining Unicode char U+0169 (decimal 361)
   defining Unicode char U+016A (decimal 362)
   defining Unicode char U+016B (decimal 363)
   defining Unicode char U+016C (decimal 364)
   defining Unicode char U+016D (decimal 365)
   defining Unicode char U+016E (decimal 366)
   defining Unicode char U+016F (decimal 367)
   defining Unicode char U+0170 (decimal 368)
   defining Unicode char U+0171 (decimal 369)
   defining Unicode char U+0172 (decimal 370)
   defining Unicode char U+0173 (decimal 371)
   defining Unicode char U+0174 (decimal 372)
   defining Unicode char U+0175 (decimal 373)
   defining Unicode char U+0176 (decimal 374)
   defining Unicode char U+0177 (decimal 375)
   defining Unicode char U+0178 (decimal 376)
   defining Unicode char U+0179 (decimal 377)
   defining Unicode char U+017A (decimal 378)
   defining Unicode char U+017B (decimal 379)
   defining Unicode char U+017C (decimal 380)
   defining Unicode char U+017D (decimal 381)
   defining Unicode char U+017E (decimal 382)
   defining Unicode char U+01CD (decimal 461)
   defining Unicode char U+01CE (decimal 462)
   defining Unicode char U+01CF (decimal 463)
   defining Unicode char U+01D0 (decimal 464)
   defining Unicode char U+01D1 (decimal 465)
   defining Unicode char U+01D2 (decimal 466)
   defining Unicode char U+01D3 (decimal 467)
   defining Unicode char U+01D4 (decimal 468)
   defining Unicode char U+01E2 (decimal 482)
   defining Unicode char U+01E3 (decimal 483)
   defining Unicode char U+01E6 (decimal 486)
   defining Unicode char U+01E7 (decimal 487)
   defining Unicode char U+01E8 (decimal 488)
   defining Unicode char U+01E9 (decimal 489)
   defining Unicode char U+01EA (decimal 490)
   defining Unicode char U+01EB (decimal 491)
   defining Unicode char U+01F0 (decimal 496)
   defining Unicode char U+01F4 (decimal 500)
   defining Unicode char U+01F5 (decimal 501)
   defining Unicode char U+0218 (decimal 536)
   defining Unicode char U+0219 (decimal 537)
   defining Unicode char U+021A (decimal 538)
   defining Unicode char U+021B (decimal 539)
   defining Unicode char U+01E02 (decimal 7682)
   defining Unicode char U+01E03 (decimal 7683)
   defining Unicode char U+200C (decimal 8204)
   defining Unicode char U+2013 (decimal 8211)
   defining Unicode char U+2014 (decimal 8212)
   defining Unicode char U+2018 (decimal 8216)
   defining Unicode char U+2019 (decimal 8217)
   defining Unicode char U+201A (decimal 8218)
   defining Unicode char U+201C (decimal 8220)
   defining Unicode char U+201D (decimal 8221)
   defining Unicode char U+201E (decimal 8222)
   defining Unicode char U+2030 (decimal 8240)
   defining Unicode char U+2031 (decimal 8241)
   defining Unicode char U+2039 (decimal 8249)
   defining Unicode char U+203A (decimal 8250)
   defining Unicode char U+2423 (decimal 9251)
)
Now handling font encoding OT1 ...
... processing UTF-8 mapping file for font encoding OT1

(/usr/share/texlive/texmf-dist/tex/latex/base/ot1enc.dfu
File: ot1enc.dfu 2015/12/03 v1.1r UTF-8 support for inputenc
   defining Unicode char U+00A0 (decimal 160)
   defining Unicode char U+00A1 (decimal 161)
   defining Unicode char U+00A3 (decimal 163)
   defining Unicode char U+00AD (decimal 173)
   defining Unicode char U+00B8 (decimal 184)
   defining Unicode char U+00BF (decimal 191)
   defining Unicode char U+00C5 (decimal 197)
   defining Unicode char U+00C6 (decimal 198)
   defining Unicode char U+00D8 (decimal 216)
   defining Unicode char U+00DF (decimal 223)
   defining Unicode char U+00E6 (decimal 230)
   defining Unicode char U+00EC (decimal 236)
   defining Unicode char U+00ED (decimal 237)
   defining Unicode char U+00EE (decimal 238)
   defining Unicode char U+00EF (decimal 239)
   defining Unicode char U+00F8 (decimal 248)
   defining Unicode char U+0131 (decimal 305)
   defining Unicode char U+0141 (decimal 321)
   defining Unicode char U+0142 (decimal 322)
   defining Unicode char U+0152 (decimal 338)
   defining Unicode char U+0153 (decimal 339)
   defining Unicode char U+0174 (decimal 372)
   defining Unicode char U+0175 (decimal 373)
   defining Unicode char U+0176 (decimal 374)
   defining Unicode char U+0177 (decimal 375)
   defining Unicode char U+0218 (decimal 536)
   defining Unicode char U+0219 (decimal 537)
   defining Unicode char U+021A (decimal 538)
   defining Unicode char U+021B (decimal 539)
   defining Unicode char U+2013 (decimal 8211)
   defining Unicode char U+2014 (decimal 8212)
   defining Unicode char U+2018 (decimal 8216)
   defining Unicode char U+2019 (decimal 8217)
   defining Unicode char U+201C (decimal 8220)
   defining Unicode char U+201D (decimal 8221)
)
Now handling font encoding OMS ...
... processing UTF-8 mapping file for font encoding OMS

(/usr/share/texlive/texmf-dist/tex/latex/base/omsenc.dfu
File: omsenc.dfu 2015/12/03 v1.1r UTF-8 support for inputenc
   defining Unicode char U+00A7 (decimal 167)
   defining Unicode char U+00B6 (decimal 182)
   defining Unicode char U+00B7 (decimal 183)
   defining Unicode char U+2020 (decimal 8224)
   defining Unicode char U+2021 (decimal 8225)
   defining Unicode char U+2022 (decimal 8226)
)
Now handling font encoding OMX ...
... no UTF-8 mapping file for font encoding OMX
Now handling font encoding U ...
... no UTF-8 mapping file for font encoding U
   defining Unicode char U+00A9 (decimal 169)
   defining Unicode char U+00AA (decimal 170)
   defining Unicode char U+00AE (decimal 174)
   defining Unicode char U+00BA (decimal 186)
   defining Unicode char U+02C6 (decimal 710)
   defining Unicode char U+02DC (decimal 732)
   defining Unicode char U+200C (decimal 8204)
   defining Unicode char U+2026 (decimal 8230)
   defining Unicode char U+2122 (decimal 8482)
   defining Unicode char U+2423 (decimal 9251)
))
(/usr/share/texlive/texmf-dist/tex/latex/setspace/setspace.sty
Package: setspace 2011/12/19 v6.7a set line spacing
)
(/usr/share/texlive/texmf-dist/tex/latex/vmargin/vmargin.sty
Package: vmargin 2004/07/15 V2.5 set document margins (VK)

Package: vmargin 2004/07/15 V2.5 set document margins (VK)
\PaperWidth=\dimen103
\PaperHeight=\dimen104
) (/usr/share/texlive/texmf-dist/tex/latex/fancyhdr/fancyhdr.sty
\fancy@headwidth=\skip43
\f@ncyO@elh=\skip44
\f@ncyO@erh=\skip45
\f@ncyO@olh=\skip46
\f@ncyO@orh=\skip47
\f@ncyO@elf=\skip48
\f@ncyO@erf=\skip49
\f@ncyO@olf=\skip50
\f@ncyO@orf=\skip51
)
(/usr/share/texlive/texmf-dist/tex/latex/amsmath/amsmath.sty
Package: amsmath 2016/03/03 v2.15a AMS math features
\@mathmargin=\skip52

For additional information on amsmath, use the `?' option.
(/usr/share/texlive/texmf-dist/tex/latex/amsmath/amstext.sty
Package: amstext 2000/06/29 v2.01 AMS text

(/usr/share/texlive/texmf-dist/tex/latex/amsmath/amsgen.sty
File: amsgen.sty 1999/11/30 v2.0 generic functions
\@emptytoks=\toks16
\ex@=\dimen105
))
(/usr/share/texlive/texmf-dist/tex/latex/amsmath/amsbsy.sty
Package: amsbsy 1999/11/29 v1.2d Bold Symbols
\pmbraise@=\dimen106
)
(/usr/share/texlive/texmf-dist/tex/latex/amsmath/amsopn.sty
Package: amsopn 1999/12/14 v2.01 operator names
)
\inf@bad=\count88
LaTeX Info: Redefining \frac on input line 199.
\uproot@=\count89
\leftroot@=\count90
LaTeX Info: Redefining \overline on input line 297.
\classnum@=\count91
\DOTSCASE@=\count92
LaTeX Info: Redefining \ldots on input line 394.
LaTeX Info: Redefining \dots on input line 397.
LaTeX Info: Redefining \cdots on input line 518.
\Mathstrutbox@=\box26
\strutbox@=\box27
\big@size=\dimen107
LaTeX Font Info:    Redeclaring font encoding OML on input line 630.
LaTeX Font Info:    Redeclaring font encoding OMS on input line 631.
\macc@depth=\count93
\c@MaxMatrixCols=\count94
\dotsspace@=\muskip10
\c@parentequation=\count95
\dspbrk@lvl=\count96
\tag@help=\toks17
\row@=\count97
\column@=\count98
\maxfields@=\count99
\andhelp@=\toks18
\eqnshift@=\dimen108
\alignsep@=\dimen109
\tagshift@=\dimen110
\tagwidth@=\dimen111
\totwidth@=\dimen112
\lineht@=\dimen113
\@envbody=\toks19
\multlinegap=\skip53
\multlinetaggap=\skip54
\mathdisplay@stack=\toks20
LaTeX Info: Redefining \[ on input line 2735.
LaTeX Info: Redefining \] on input line 2736.
)
(/usr/share/texlive/texmf-dist/tex/latex/amsfonts/amsfonts.sty
Package: amsfonts 2013/01/14 v3.01 Basic AMSFonts support
\symAMSa=\mathgroup4
\symAMSb=\mathgroup5
LaTeX Font Info:    Overwriting math alphabet `\mathfrak' in version `bold'
(Font)                  U/euf/m/n --> U/euf/b/n on input line 106.
)
(/usr/share/texlive/texmf-dist/tex/latex/amsfonts/amssymb.sty
Package: amssymb 2013/01/14 v3.01 AMS font symbols
)
(/usr/share/texlive/texmf-dist/tex/latex/amsmath/amscd.sty
Package: amscd 1999/11/29 v2.0 AMS Commutatitive Diagrams
\athelp@=\toks21
\minaw@=\dimen114
\bigaw@=\dimen115
\minCDarrowwidth=\dimen116
)
(/usr/share/texlive/texmf-dist/tex/latex/amscls/amsthm.sty
Package: amsthm 2015/03/04 v2.20.2
\thm@style=\toks22
\thm@bodyfont=\toks23
\thm@headfont=\toks24
\thm@notefont=\toks25
\thm@headpunct=\toks26
\thm@preskip=\skip55
\thm@postskip=\skip56
\thm@headsep=\skip57
\dth@everypar=\toks27
)
(/usr/share/texlive/texmf-dist/tex/latex/tools/xspace.sty
Package: xspace 2014/10/28 v1.13 Space after command names (DPC,MH)
)
(/usr/share/texlive/texmf-dist/tex/latex/mathtools/mathtools.sty
Package: mathtools 2015/11/12 v1.18 mathematical typesetting tools

(/usr/share/texlive/texmf-dist/tex/latex/graphics/keyval.sty
Package: keyval 2014/10/28 v1.15 key=value parser (DPC)
\KV@toks@=\toks28
)
(/usr/share/texlive/texmf-dist/tex/latex/tools/calc.sty
Package: calc 2014/10/28 v4.3 Infix arithmetic (KKT,FJ)
\calc@Acount=\count100
\calc@Bcount=\count101
\calc@Adimen=\dimen117
\calc@Bdimen=\dimen118
\calc@Askip=\skip58
\calc@Bskip=\skip59
LaTeX Info: Redefining \setlength on input line 80.
LaTeX Info: Redefining \addtolength on input line 81.
\calc@Ccount=\count102
\calc@Cskip=\skip60
)
(/usr/share/texlive/texmf-dist/tex/latex/mathtools/mhsetup.sty
Package: mhsetup 2010/01/21 v1.2a programming setup (MH)
)
LaTeX Info: Thecontrolsequence`\('isalreadyrobust on input line 129.
LaTeX Info: Thecontrolsequence`\)'isalreadyrobust on input line 129.
LaTeX Info: Thecontrolsequence`\['isalreadyrobust on input line 129.
LaTeX Info: Thecontrolsequence`\]'isalreadyrobust on input line 129.
\g_MT_multlinerow_int=\count103
\l_MT_multwidth_dim=\dimen119
\origjot=\skip61
\l_MT_shortvdotswithinadjustabove_dim=\dimen120
\l_MT_shortvdotswithinadjustbelow_dim=\dimen121
\l_MT_above_intertext_sep=\dimen122
\l_MT_below_intertext_sep=\dimen123
\l_MT_above_shortintertext_sep=\dimen124
\l_MT_below_shortintertext_sep=\dimen125
)
\c@example=\count104
\c@theorem=\count105

(/usr/share/texlive/texmf-dist/tex/latex/caption/caption.sty
Package: caption 2016/02/21 v3.3-144 Customizing captions (AR)

(/usr/share/texlive/texmf-dist/tex/latex/caption/caption3.sty
Package: caption3 2016/02/04 v1.7-139 caption3 kernel (AR)
Package caption3 Info: TeX engine: e-TeX on input line 67.
\captionmargin=\dimen126
\captionmargin@=\dimen127
\captionwidth=\dimen128
\caption@tempdima=\dimen129
\caption@indent=\dimen130
\caption@parindent=\dimen131
\caption@hangindent=\dimen132
)
\c@ContinuedFloat=\count106
)
(/usr/share/texlive/texmf-dist/tex/latex/graphics/graphicx.sty
Package: graphicx 2014/10/28 v1.0g Enhanced LaTeX Graphics (DPC,SPQR)

(/usr/share/texlive/texmf-dist/tex/latex/graphics/graphics.sty
Package: graphics 2016/01/03 v1.0q Standard LaTeX Graphics (DPC,SPQR)

(/usr/share/texlive/texmf-dist/tex/latex/graphics/trig.sty
Package: trig 2016/01/03 v1.10 sin cos tan (DPC)
)
(/usr/share/texlive/texmf-dist/tex/latex/latexconfig/graphics.cfg
File: graphics.cfg 2010/04/23 v1.9 graphics configuration of TeX Live
)
Package graphics Info: Driver file: pdftex.def on input line 95.

(/usr/share/texlive/texmf-dist/tex/latex/pdftex-def/pdftex.def
File: pdftex.def 2011/05/27 v0.06d Graphics/color for pdfTeX

(/usr/share/texlive/texmf-dist/tex/generic/oberdiek/infwarerr.sty
Package: infwarerr 2010/04/08 v1.3 Providing info/warning/error messages (HO)
)
(/usr/share/texlive/texmf-dist/tex/generic/oberdiek/ltxcmds.sty
Package: ltxcmds 2011/11/09 v1.22 LaTeX kernel commands for general use (HO)
)
\Gread@gobject=\count107
))
\Gin@req@height=\dimen133
\Gin@req@width=\dimen134
)
(/usr/share/texlive/texmf-dist/tex/latex/oberdiek/epstopdf.sty
Package: epstopdf 2010/02/09 v2.5 Conversion with epstopdf on the fly (HO)

(/usr/share/texlive/texmf-dist/tex/latex/oberdiek/epstopdf-base.sty
Package: epstopdf-base 2010/02/09 v2.5 Base part for package epstopdf

(/usr/share/texlive/texmf-dist/tex/latex/oberdiek/grfext.sty
Package: grfext 2010/08/19 v1.1 Manage graphics extensions (HO)

(/usr/share/texlive/texmf-dist/tex/generic/oberdiek/kvdefinekeys.sty
Package: kvdefinekeys 2011/04/07 v1.3 Define keys (HO)
))
(/usr/share/texlive/texmf-dist/tex/latex/oberdiek/kvoptions.sty
Package: kvoptions 2011/06/30 v3.11 Key value format for package options (HO)

(/usr/share/texlive/texmf-dist/tex/generic/oberdiek/kvsetkeys.sty
Package: kvsetkeys 2012/04/25 v1.16 Key value parser (HO)

(/usr/share/texlive/texmf-dist/tex/generic/oberdiek/etexcmds.sty
Package: etexcmds 2011/02/16 v1.5 Avoid name clashes with e-TeX commands (HO)

(/usr/share/texlive/texmf-dist/tex/generic/oberdiek/ifluatex.sty
Package: ifluatex 2010/03/01 v1.3 Provides the ifluatex switch (HO)
Package ifluatex Info: LuaTeX not detected.
)
Package etexcmds Info: Could not find \expanded.
(etexcmds)             That can mean that you are not using pdfTeX 1.50 or
(etexcmds)             that some package has redefined \expanded.
(etexcmds)             In the latter case, load this package earlier.
)))
(/usr/share/texlive/texmf-dist/tex/generic/oberdiek/pdftexcmds.sty
Package: pdftexcmds 2011/11/29 v0.20 Utility functions of pdfTeX for LuaTeX (HO
)

(/usr/share/texlive/texmf-dist/tex/generic/oberdiek/ifpdf.sty
Package: ifpdf 2011/01/30 v2.3 Provides the ifpdf switch (HO)
Package ifpdf Info: pdfTeX in PDF mode is detected.
)
Package pdftexcmds Info: LuaTeX not detected.
Package pdftexcmds Info: \pdf@primitive is available.
Package pdftexcmds Info: \pdf@ifprimitive is available.
Package pdftexcmds Info: \pdfdraftmode found.
)
Package grfext Info: Graphics extension search list:
(grfext)             [.png,.pdf,.jpg,.mps,.jpeg,.jbig2,.jb2,.PNG,.PDF,.JPG,.JPE
G,.JBIG2,.JB2,.eps]
(grfext)             \AppendGraphicsExtensions on input line 452.

(/usr/share/texlive/texmf-dist/tex/latex/latexconfig/epstopdf-sys.cfg
File: epstopdf-sys.cfg 2010/07/13 v1.3 Configuration of (r)epstopdf for TeX Liv
e
)))
(/usr/share/texlive/texmf-dist/tex/latex/booktabs/booktabs.sty
Package: booktabs 2005/04/14 v1.61803 publication quality tables
\heavyrulewidth=\dimen135
\lightrulewidth=\dimen136
\cmidrulewidth=\dimen137
\belowrulesep=\dimen138
\belowbottomsep=\dimen139
\aboverulesep=\dimen140
\abovetopsep=\dimen141
\cmidrulesep=\dimen142
\cmidrulekern=\dimen143
\defaultaddspace=\dimen144
\@cmidla=\count108
\@cmidlb=\count109
\@aboverulesep=\dimen145
\@belowrulesep=\dimen146
\@thisruleclass=\count110
\@lastruleclass=\count111
\@thisrulewidth=\dimen147
)
(/usr/share/texlive/texmf-dist/tex/latex/rotating/rotating.sty
Package: rotating 2009/03/28 v2.16a rotated objects in LaTeX

(/usr/share/texlive/texmf-dist/tex/latex/base/ifthen.sty
Package: ifthen 2014/09/29 v1.1c Standard LaTeX ifthen package (DPC)
)
\c@r@tfl@t=\count112
\rotFPtop=\skip62
\rotFPbot=\skip63
\rot@float@box=\box28
\rot@mess@toks=\toks29
)
(/usr/share/texlive/texmf-dist/tex/latex/enumitem/enumitem.sty
Package: enumitem 2011/09/28 v3.5.2 Customized lists
\labelindent=\skip64
\enit@outerparindent=\dimen148
\enit@toks=\toks30
\enit@inbox=\box29
\enitdp@description=\count113
)
(/usr/share/texlive/texmf-dist/tex/latex/listings/listings.sty
\lst@mode=\count114
\lst@gtempboxa=\box30
\lst@token=\toks31
\lst@length=\count115
\lst@currlwidth=\dimen149
\lst@column=\count116
\lst@pos=\count117
\lst@lostspace=\dimen150
\lst@width=\dimen151
\lst@newlines=\count118
\lst@lineno=\count119
\lst@maxwidth=\dimen152
 (./lstpatch.sty

***
*** This is a patch for listings 1.3, but you're using
*** version 1.6.
***
*** Patch file not loaded.
***

) (/usr/share/texlive/texmf-dist/tex/latex/listings/lstmisc.sty
File: lstmisc.sty 2015/06/04 1.6 (Carsten Heinz)
\c@lstnumber=\count120
\lst@skipnumbers=\count121
\lst@framebox=\box31
)
(/usr/share/texlive/texmf-dist/tex/latex/listings/listings.cfg
File: listings.cfg 2015/06/04 1.6 listings configuration
))
Package: listings 2015/06/04 1.6 (Carsten Heinz)

(./lstpatch.sty

***
*** This is a patch for listings 1.3, but you're using
*** version 1.6.
***
 *** Patch file not loaded.
***

) (/usr/share/texlive/texmf-dist/tex/latex/microtype/microtype.sty
Package: microtype 2013/05/23 v2.5a Micro-typographical refinements (RS)
\MT@toks=\toks32
\MT@count=\count122
LaTeX Info: Redefining \textls on input line 766.
\MT@outer@kern=\dimen153
LaTeX Info: Redefining \textmicrotypecontext on input line 1285.
\MT@listname@count=\count123

(/usr/share/texlive/texmf-dist/tex/latex/microtype/microtype-pdftex.def
File: microtype-pdftex.def 2013/05/23 v2.5a Definitions specific to pdftex (RS)

LaTeX Info: Redefining \lsstyle on input line 915.
LaTeX Info: Redefining \lslig on input line 915.
\MT@outer@space=\skip65
)
Package microtype Info: Loading configuration file microtype.cfg.

(/usr/share/texlive/texmf-dist/tex/latex/microtype/microtype.cfg
File: microtype.cfg 2013/05/23 v2.5a microtype main configuration file (RS)
))
(/usr/share/texlive/texmf-dist/tex/latex/hyperref/hyperref.sty
Package: hyperref 2012/11/06 v6.83m Hypertext links for LaTeX

(/usr/share/texlive/texmf-dist/tex/generic/oberdiek/hobsub-hyperref.sty
Package: hobsub-hyperref 2012/05/28 v1.13 Bundle oberdiek, subset hyperref (HO)


(/usr/share/texlive/texmf-dist/tex/generic/oberdiek/hobsub-generic.sty
Package: hobsub-generic 2012/05/28 v1.13 Bundle oberdiek, subset generic (HO)
Package: hobsub 2012/05/28 v1.13 Construct package bundles (HO)
Package hobsub Info: Skipping package `infwarerr' (already loaded).
Package hobsub Info: Skipping package `ltxcmds' (already loaded).
Package hobsub Info: Skipping package `ifluatex' (already loaded).
Package: ifvtex 2010/03/01 v1.5 Detect VTeX and its facilities (HO)
Package ifvtex Info: VTeX not detected.
Package: intcalc 2007/09/27 v1.1 Expandable calculations with integers (HO)
Package hobsub Info: Skipping package `ifpdf' (already loaded).
Package hobsub Info: Skipping package `etexcmds' (already loaded).
Package hobsub Info: Skipping package `kvsetkeys' (already loaded).
Package hobsub Info: Skipping package `kvdefinekeys' (already loaded).
Package hobsub Info: Skipping package `pdftexcmds' (already loaded).
Package: pdfescape 2011/11/25 v1.13 Implements pdfTeX's escape features (HO)
Package: bigintcalc 2012/04/08 v1.3 Expandable calculations on big integers (HO
)
Package: bitset 2011/01/30 v1.1 Handle bit-vector datatype (HO)
Package: uniquecounter 2011/01/30 v1.2 Provide unlimited unique counter (HO)
)
Package hobsub Info: Skipping package `hobsub' (already loaded).
Package: letltxmacro 2010/09/02 v1.4 Let assignment for LaTeX macros (HO)
Package: hopatch 2012/05/28 v1.2 Wrapper for package hooks (HO)
Package: xcolor-patch 2011/01/30 xcolor patch
Package: atveryend 2011/06/30 v1.8 Hooks at the very end of document (HO)
Package atveryend Info: \enddocument detected (standard20110627).
Package: atbegshi 2011/10/05 v1.16 At begin shipout hook (HO)
Package: refcount 2011/10/16 v3.4 Data extraction from label references (HO)
Package: hycolor 2011/01/30 v1.7 Color options for hyperref/bookmark (HO)
)
(/usr/share/texlive/texmf-dist/tex/generic/ifxetex/ifxetex.sty
Package: ifxetex 2010/09/12 v0.6 Provides ifxetex conditional
)
(/usr/share/texlive/texmf-dist/tex/latex/oberdiek/auxhook.sty
Package: auxhook 2011/03/04 v1.3 Hooks for auxiliary files (HO)
)
\@linkdim=\dimen154
\Hy@linkcounter=\count124
\Hy@pagecounter=\count125

(/usr/share/texlive/texmf-dist/tex/latex/hyperref/pd1enc.def
File: pd1enc.def 2012/11/06 v6.83m Hyperref: PDFDocEncoding definition (HO)
Now handling font encoding PD1 ...
... no UTF-8 mapping file for font encoding PD1
)
\Hy@SavedSpaceFactor=\count126

(/usr/share/texlive/texmf-dist/tex/latex/latexconfig/hyperref.cfg
File: hyperref.cfg 2002/06/06 v1.2 hyperref configuration of TeXLive
)
Package hyperref Info: Option `bookmarks' set `true' on input line 4319.
Package hyperref Info: Option `bookmarksopen' set `true' on input line 4319.
Package hyperref Info: Option `bookmarksnumbered' set `true' on input line 4319
.
Package hyperref Info: Option `hypertexnames' set `false' on input line 4319.
Package hyperref Info: Option `colorlinks' set `true' on input line 4319.
Package hyperref Info: Option `unicode' set `true' on input line 4319.

(/usr/share/texlive/texmf-dist/tex/latex/hyperref/puenc.def
File: puenc.def 2012/11/06 v6.83m Hyperref: PDF Unicode definition (HO)
Now handling font encoding PU ...
... no UTF-8 mapping file for font encoding PU
)
Package hyperref Info: Option `breaklinks' set `true' on input line 4319.
Package hyperref Info: Hyper figures OFF on input line 4443.
Package hyperref Info: Link nesting OFF on input line 4448.
Package hyperref Info: Hyper index ON on input line 4451.
Package hyperref Info: Plain pages OFF on input line 4458.
Package hyperref Info: Backreferencing OFF on input line 4463.
Package hyperref Info: Implicit mode ON; LaTeX internals redefined.
Package hyperref Info: Bookmarks ON on input line 4688.
\c@Hy@tempcnt=\count127

(/usr/share/texlive/texmf-dist/tex/latex/url/url.sty
\Urlmuskip=\muskip11
Package: url 2013/09/16  ver 3.4  Verb mode for urls, etc.
)
LaTeX Info: Redefining \url on input line 5041.
\XeTeXLinkMargin=\dimen155
\Fld@menulength=\count128
\Field@Width=\dimen156
\Fld@charsize=\dimen157
Package hyperref Info: Hyper figures OFF on input line 6295.
Package hyperref Info: Link nesting OFF on input line 6300.
Package hyperref Info: Hyper index ON on input line 6303.
Package hyperref Info: backreferencing OFF on input line 6310.
Package hyperref Info: Link coloring ON on input line 6313.
Package hyperref Info: Link coloring with OCG OFF on input line 6320.
Package hyperref Info: PDF/A mode OFF on input line 6325.
LaTeX Info: Redefining \ref on input line 6365.
LaTeX Info: Redefining \pageref on input line 6369.
\Hy@abspage=\count129
\c@Item=\count130
\c@Hfootnote=\count131
)

Package hyperref Message: Driver (autodetected): hpdftex.

(/usr/share/texlive/texmf-dist/tex/latex/hyperref/hpdftex.def
File: hpdftex.def 2012/11/06 v6.83m Hyperref driver for pdfTeX
\Fld@listcount=\count132
\c@bookmark@seq@number=\count133

(/usr/share/texlive/texmf-dist/tex/latex/oberdiek/rerunfilecheck.sty
Package: rerunfilecheck 2011/04/15 v1.7 Rerun checks for auxiliary files (HO)
Package uniquecounter Info: New unique counter `rerunfilecheck' on input line 2
82.
)
\Hy@SectionHShift=\skip66
)
(/usr/share/texlive/texmf-dist/tex/latex/glossaries/base/glossaries.sty
Package: glossaries 2016/01/24 v4.21 (NLCT)

(/usr/share/texlive/texmf-dist/tex/latex/xkeyval/xkeyval.sty
Package: xkeyval 2014/12/03 v2.7a package option processing (HA)

(/usr/share/texlive/texmf-dist/tex/generic/xkeyval/xkeyval.tex
(/usr/share/texlive/texmf-dist/tex/generic/xkeyval/xkvutils.tex
\XKV@toks=\toks33
\XKV@tempa@toks=\toks34
)
\XKV@depth=\count134
File: xkeyval.tex 2014/12/03 v2.7a key=value parser (HA)
))
(/usr/share/texlive/texmf-dist/tex/latex/mfirstuc/mfirstuc.sty
Package: mfirstuc 2015/12/17 v2.02 (NLCT)

(/usr/share/texlive/texmf-dist/tex/latex/etoolbox/etoolbox.sty
Package: etoolbox 2015/08/02 v2.2a e-TeX tools for LaTeX (JAW)
\etb@tempcnta=\count135
)
\@glsmfirst=\toks35
\@glsmrest=\toks36
)
(/usr/share/texlive/texmf-dist/tex/latex/textcase/textcase.sty
Package: textcase 2004/10/07 v0.07 Text only upper/lower case changing (DPC)
)
(/usr/share/texlive/texmf-dist/tex/latex/xfor/xfor.sty
Package: xfor 2009/02/05 v1.05 (NLCT)
)
(/usr/share/texlive/texmf-dist/tex/latex/datatool/datatool-base.sty
Package: datatool-base 2016/01/18 v2.25 (NLCT)

(/usr/share/texlive/texmf-dist/tex/latex/substr/substr.sty
Package: substr 2009/10/20 v1.2 Handle substrings
\c@su@anzahl=\count136
)
(/usr/share/texlive/texmf-dist/tex/latex/datatool/datatool-fp.sty
Package: datatool-fp 2016/01/18 v2.25 (NLCT)

(/usr/share/texlive/texmf-dist/tex/latex/fp/fp.sty
Package: fp 1995/04/02

`Fixed Point Package', Version 0.8, April 2, 1995 (C) Michael Mehlich
(/usr/share/texlive/texmf-dist/tex/latex/fp/defpattern.sty
Package: defpattern 1994/10/12
\actioncount=\count137
)
(/usr/share/texlive/texmf-dist/tex/latex/fp/fp-basic.sty
Package: fp-basic 1996/05/13
\FP@xs=\count138
\FP@xia=\count139
\FP@xib=\count140
\FP@xfa=\count141
\FP@xfb=\count142
\FP@rega=\count143
\FP@regb=\count144
\FP@regs=\count145
\FP@times=\count146
)
(/usr/share/texlive/texmf-dist/tex/latex/fp/fp-addons.sty
Package: fp-addons 1995/03/15
)
(/usr/share/texlive/texmf-dist/tex/latex/fp/fp-snap.sty
Package: fp-snap 1995/04/05
)
(/usr/share/texlive/texmf-dist/tex/latex/fp/fp-exp.sty
Package: fp-exp 1995/04/03
)
(/usr/share/texlive/texmf-dist/tex/latex/fp/fp-trigo.sty
Package: fp-trigo 1995/04/14
)
(/usr/share/texlive/texmf-dist/tex/latex/fp/fp-pas.sty
Package: fp-pas 1994/08/29
)
(/usr/share/texlive/texmf-dist/tex/latex/fp/fp-random.sty
Package: fp-random 1995/02/23
\FPseed=\count147
)
(/usr/share/texlive/texmf-dist/tex/latex/fp/fp-eqn.sty
Package: fp-eqn 1995/04/03
)
(/usr/share/texlive/texmf-dist/tex/latex/fp/fp-upn.sty
Package: fp-upn 1996/10/21
)
(/usr/share/texlive/texmf-dist/tex/latex/fp/fp-eval.sty
Package: fp-eval 1995/04/03
)))
\@dtl@toks=\toks37
\@dtl@tmpcount=\count148
\dtl@tmplength=\skip67
\dtl@sortresult=\count149
\@dtl@numgrpsepcount=\count150
\@dtl@datatype=\count151
\dtl@codeA=\count152
\dtl@codeB=\count153
\@dtl@foreach@level=\count154
)
(/usr/share/texlive/texmf-dist/tex/latex/glossaries/base/glossaries-compatible-
307.sty
Package: glossaries-compatible-307 2016/01/24 v4.21 (NLCT)
)
\gls@level=\count155
\@gls@tmpb=\toks38
\gls@tmplen=\skip68
\glskeylisttok=\toks39
\glslabeltok=\toks40
\glsshorttok=\toks41
\glslongtok=\toks42

(/usr/share/texlive/texmf-dist/tex/latex/glossaries/styles/glossary-hypernav.st
y
Package: glossary-hypernav 2016/01/24 v4.21 (NLCT)
) (/usr/share/texlive/texmf-dist/tex/latex/glossaries/styles/glossary-list.sty
Package: glossary-list 2016/01/24 v4.21 (NLCT)
\glslistdottedwidth=\skip69
) (/usr/share/texlive/texmf-dist/tex/latex/glossaries/styles/glossary-long.sty
Package: glossary-long 2016/01/24 v4.21 (NLCT)

(/usr/share/texlive/texmf-dist/tex/latex/tools/longtable.sty
Package: longtable 2014/10/28 v4.11 Multi-page Table package (DPC)
\LTleft=\skip70
\LTright=\skip71
\LTpre=\skip72
\LTpost=\skip73
\LTchunksize=\count156
\LTcapwidth=\dimen158
\LT@head=\box32
\LT@firsthead=\box33
\LT@foot=\box34
\LT@lastfoot=\box35
\LT@cols=\count157
\LT@rows=\count158
\c@LT@tables=\count159
\c@LT@chunks=\count160
\LT@p@ftn=\toks43
)
\glsdescwidth=\skip74
\glspagelistwidth=\skip75
)
(/usr/share/texlive/texmf-dist/tex/latex/glossaries/styles/glossary-super.sty
Package: glossary-super 2016/01/24 v4.21 (NLCT)

(/usr/share/texlive/texmf-dist/tex/latex/supertabular/supertabular.sty
Package: supertabular 2004/02/20 v4.1e the supertabular environment
\c@tracingst=\count161
\ST@wd=\dimen159
\ST@rightskip=\skip76
\ST@leftskip=\skip77
\ST@parfillskip=\skip78
\ST@pageleft=\dimen160
\ST@headht=\dimen161
\ST@tailht=\dimen162
\ST@pagesofar=\dimen163
\ST@pboxht=\dimen164
\ST@lineht=\dimen165
\ST@stretchht=\dimen166
\ST@prevht=\dimen167
\ST@toadd=\dimen168
\ST@dimen=\dimen169
\ST@pbox=\box36
))
(/usr/share/texlive/texmf-dist/tex/latex/glossaries/styles/glossary-tree.sty
Package: glossary-tree 2016/01/24 v4.21 (NLCT)
\glstreeindent=\skip79
))

Package glossaries Warning: Deprecated command \glossarystyle.
 I recommend you switch to \setglossarystyle unless you want to maintain backwa
rd compatibility on input line 278.

\glswrite=\write3
\glo@main@file=\write4
\openout4 = `main.glo'.

Package glossaries Info: Writing glossary file main.glo on input line 279.
\c@dummy=\count162
) (./main.aux

LaTeX Warning: Label `Chapter3' multiply defined.

)
\openout1 = `main.aux'.

LaTeX Font Info:    Checking defaults for OML/cmm/m/it on input line 29.
LaTeX Font Info:    ... okay on input line 29.
LaTeX Font Info:    Checking defaults for T1/cmr/m/n on input line 29.
LaTeX Font Info:    ... okay on input line 29.
LaTeX Font Info:    Checking defaults for OT1/cmr/m/n on input line 29.
LaTeX Font Info:    ... okay on input line 29.
LaTeX Font Info:    Checking defaults for OMS/cmsy/m/n on input line 29.
LaTeX Font Info:    ... okay on input line 29.
LaTeX Font Info:    Checking defaults for OMX/cmex/m/n on input line 29.
LaTeX Font Info:    ... okay on input line 29.
LaTeX Font Info:    Checking defaults for U/cmr/m/n on input line 29.
LaTeX Font Info:    ... okay on input line 29.
LaTeX Font Info:    Checking defaults for PD1/pdf/m/n on input line 29.
LaTeX Font Info:    ... okay on input line 29.
LaTeX Font Info:    Checking defaults for PU/pdf/m/n on input line 29.
LaTeX Font Info:    ... okay on input line 29.
Package caption Info: Begin \AtBeginDocument code.
Package caption Info: hyperref package is loaded.
Package caption Info: listings package is loaded.
Package caption Info: longtable package is loaded.
 (/usr/share/texlive/texmf-dist/tex/latex/caption/ltcaption.sty
Package: ltcaption 2013/06/09 v1.4-94 longtable captions (AR)
)
Package caption Info: rotating package is loaded.
Package caption Info: supertabular package is loaded.
Package caption Info: End \AtBeginDocument code.

(/usr/share/texlive/texmf-dist/tex/context/base/supp-pdf.mkii
[Loading MPS to PDF converter (version 2006.09.02).]
\scratchcounter=\count163
\scratchdimen=\dimen170
\scratchbox=\box37
\nofMPsegments=\count164
\nofMParguments=\count165
\everyMPshowfont=\toks44
\MPscratchCnt=\count166
\MPscratchDim=\dimen171
\MPnumerator=\count167
\makeMPintoPDFobject=\count168
\everyMPtoPDFconversion=\toks45
)
\c@lstlisting=\count169
LaTeX Info: Redefining \microtypecontext on input line 29.
Package microtype Info: Generating PDF output.
Package microtype Info: Character protrusion enabled (level 2).
Package microtype Info: Using default protrusion set `alltext'.
Package microtype Info: Automatic font expansion enabled (level 2),
(microtype)             stretch: 20, shrink: 20, step: 1, non-selected.
Package microtype Info: Using default expansion set `basictext'.
Package microtype Info: No adjustment of tracking.
Package microtype Info: No adjustment of interword spacing.
Package microtype Info: No adjustment of character kerning.
 (/usr/share/texlive/texmf-dist/tex/latex/microtype/mt-cmr.cfg
File: mt-cmr.cfg 2013/05/19 v2.2 microtype config. file: Computer Modern Roman 
(RS)
)
\AtBeginShipoutBox=\box38

(/usr/share/texlive/texmf-dist/tex/latex/graphics/color.sty
Package: color 2016/01/03 v1.1b Standard LaTeX Color (DPC)

(/usr/share/texlive/texmf-dist/tex/latex/latexconfig/color.cfg
File: color.cfg 2007/01/18 v1.5 color configuration of teTeX/TeXLive
)
Package color Info: Driver file: pdftex.def on input line 143.
)
Package hyperref Info: Link coloring ON on input line 29.

(/usr/share/texlive/texmf-dist/tex/latex/hyperref/nameref.sty
Package: nameref 2012/10/27 v2.43 Cross-referencing by name of section

(/usr/share/texlive/texmf-dist/tex/generic/oberdiek/gettitlestring.sty
Package: gettitlestring 2010/12/03 v1.4 Cleanup title references (HO)
)
\c@section@level=\count170
)
LaTeX Info: Redefining \ref on input line 29.
LaTeX Info: Redefining \pageref on input line 29.
LaTeX Info: Redefining \nameref on input line 29.

(./main.out) (./main.out)
\@outlinefile=\write5
\openout5 = `main.out'.

 (./variables.tex)
------------------------------------------------------------------------------
 Title Page
------------------------------------------------------------------------------
<Figures/bits-logo.pdf, id=136, 173.54195pt x 174.3672pt>
File: Figures/bits-logo.pdf Graphic file (type pdf)

<use Figures/bits-logo.pdf>
Package pdftex.def Info: Figures/bits-logo.pdf used on input line 49.
(pdftex.def)             Requested size: 173.54152pt x 174.36678pt.
 [1

\openout3 = `main.ist'.



{/var/lib/texmf/fonts/map/pdftex/updmap/pdftex.map} <./Figures/bits-logo.pdf>]
------------------------------------------------------------------------------
 Certificate
------------------------------------------------------------------------------
LaTeX Font Info:    Try loading font information for U+msa on input line 51.
(/usr/share/texlive/texmf-dist/tex/latex/amsfonts/umsa.fd
File: umsa.fd 2013/01/14 v3.01 AMS symbols A
)
(/usr/share/texlive/texmf-dist/tex/latex/microtype/mt-msa.cfg
File: mt-msa.cfg 2006/02/04 v1.1 microtype config. file: AMS symbols (a) (RS)
)
LaTeX Font Info:    Try loading font information for U+msb on input line 51.

(/usr/share/texlive/texmf-dist/tex/latex/amsfonts/umsb.fd
File: umsb.fd 2013/01/14 v3.01 AMS symbols B
)
(/usr/share/texlive/texmf-dist/tex/latex/microtype/mt-msb.cfg
File: mt-msb.cfg 2005/06/01 v1.0 microtype config. file: AMS symbols (b) (RS)
)
Overfull \hbox (2.43332pt too wide) in paragraph at lines 51--51
[]$ $[]$ 
 []


Underfull \hbox (badness 10000) in paragraph at lines 51--51

 []

[1]
------------------------------------------------------------------------------
 Abstract Page
------------------------------------------------------------------------------
[2

]
------------------------------------------------------------------------------
 Acknowledgements
------------------------------------------------------------------------------
[3

]
------------------------------------------------------------------------------
 Table of Contents
------------------------------------------------------------------------------
(./main.toc [4


])
\tf@toc=\write6
\openout6 = `main.toc'.

 [5] [6


] (./Chapters/Chapter1.tex
Chapter 1.
------------------------------------------------------------------------------
 1 Introduction
------------------------------------------------------------------------------
LaTeX Font Info:    Try loading font information for OMS+cmr on input line 15.
(/usr/share/texlive/texmf-dist/tex/latex/base/omscmr.fd
File: omscmr.fd 2014/09/29 v2.5h Standard LaTeX font definitions
)
LaTeX Font Info:    Font shape `OMS/cmr/m/n' in size <10.95> not available
(Font)              Font shape `OMS/cmsy/m/n' tried instead on input line 15.

Overfull \hbox (9.62425pt too wide) in paragraph at lines 24--24
[]\OT1/cmr/bx/n/14.4 Challenges in tra-di-tional nu-mer-i-cal meth-ods for boun
d-ary/in-
 []


Underfull \hbox (badness 10000) in paragraph at lines 25--33

 []


Underfull \hbox (badness 10000) in paragraph at lines 35--39

 []

[1


]
Package epstopdf Info: Source file: <Figures/RCTFPM_mesh.eps>
(epstopdf)                    date: 2017-05-03 01:27:42
(epstopdf)                    size: 646415 bytes
(epstopdf)             Output file: <Figures/RCTFPM_mesh-eps-converted-to.pdf>
(epstopdf)                    date: 2017-05-03 01:28:25
(epstopdf)                    size: 20985 bytes
(epstopdf)             Command: <repstopdf --outfile=Figures/RCTFPM_mesh-eps-co
nverted-to.pdf Figures/RCTFPM_mesh.eps>
(epstopdf)             \includegraphics on input line 55.
Package epstopdf Info: Output file is already uptodate.

<Figures/RCTFPM_mesh-eps-converted-to.pdf, id=217, 416.55624pt x 254.9525pt>
File: Figures/RCTFPM_mesh-eps-converted-to.pdf Graphic file (type pdf)

<use Figures/RCTFPM_mesh-eps-converted-to.pdf>
Package pdftex.def Info: Figures/RCTFPM_mesh-eps-converted-to.pdf used on input
 line 55.
(pdftex.def)             Requested size: 185.95488pt x 113.81102pt.
 [2 <./Figures/RCTFPM_mesh-eps-converted-to.pdf>] [3]
Underfull \hbox (badness 10000) in paragraph at lines 134--135

 []

[4]
Package epstopdf Info: Source file: <Figures/imag_RCTFPM2_2.eps>
(epstopdf)                    date: 2017-05-03 15:57:38
(epstopdf)                    size: 109459 bytes
(epstopdf)             Output file: <Figures/imag_RCTFPM2_2-eps-converted-to.pd
f>
(epstopdf)                    date: 2017-05-03 15:58:48
(epstopdf)                    size: 16622 bytes
(epstopdf)             Command: <repstopdf --outfile=Figures/imag_RCTFPM2_2-eps
-converted-to.pdf Figures/imag_RCTFPM2_2.eps>
(epstopdf)             \includegraphics on input line 148.
Package epstopdf Info: Output file is already uptodate.

<Figures/imag_RCTFPM2_2-eps-converted-to.pdf, id=246, 979.66pt x 518.93875pt>
File: Figures/imag_RCTFPM2_2-eps-converted-to.pdf Graphic file (type pdf)

<use Figures/imag_RCTFPM2_2-eps-converted-to.pdf>
Package pdftex.def Info: Figures/imag_RCTFPM2_2-eps-converted-to.pdf used on in
put line 148.
(pdftex.def)             Requested size: 429.70639pt x 227.62204pt.
Package epstopdf Info: Source file: <Figures/real_RCTFPM2_2.eps>
(epstopdf)                    date: 2017-05-03 15:58:07
(epstopdf)                    size: 108596 bytes
(epstopdf)             Output file: <Figures/real_RCTFPM2_2-eps-converted-to.pd
f>
(epstopdf)                    date: 2017-05-03 15:58:49
(epstopdf)                    size: 15737 bytes
(epstopdf)             Command: <repstopdf --outfile=Figures/real_RCTFPM2_2-eps
-converted-to.pdf Figures/real_RCTFPM2_2.eps>
(epstopdf)             \includegraphics on input line 155.
Package epstopdf Info: Output file is already uptodate.

<Figures/real_RCTFPM2_2-eps-converted-to.pdf, id=247, 979.66pt x 518.93875pt>
File: Figures/real_RCTFPM2_2-eps-converted-to.pdf Graphic file (type pdf)

<use Figures/real_RCTFPM2_2-eps-converted-to.pdf>
Package pdftex.def Info: Figures/real_RCTFPM2_2-eps-converted-to.pdf used on in
put line 155.
(pdftex.def)             Requested size: 429.70639pt x 227.62204pt.
 [5 <./Figures/imag_RCTFPM2_2-eps-converted-to.pdf> <./Figures/real_RCTFPM2_2-e
ps-converted-to.pdf>] [6

]
Package epstopdf Info: Source file: <Figures/real_RCTFPM3_1.eps>
(epstopdf)                    date: 2017-05-03 16:08:56
(epstopdf)                    size: 99935 bytes
(epstopdf)             Output file: <Figures/real_RCTFPM3_1-eps-converted-to.pd
f>
(epstopdf)                    date: 2017-05-03 16:09:33
(epstopdf)                    size: 17341 bytes
(epstopdf)             Command: <repstopdf --outfile=Figures/real_RCTFPM3_1-eps
-converted-to.pdf Figures/real_RCTFPM3_1.eps>
(epstopdf)             \includegraphics on input line 216.
Package epstopdf Info: Output file is already uptodate.

<Figures/real_RCTFPM3_1-eps-converted-to.pdf, id=288, 421.575pt x 316.18124pt>
File: Figures/real_RCTFPM3_1-eps-converted-to.pdf Graphic file (type pdf)

<use Figures/real_RCTFPM3_1-eps-converted-to.pdf>
Package pdftex.def Info: Figures/real_RCTFPM3_1-eps-converted-to.pdf used on in
put line 216.
(pdftex.def)             Requested size: 303.50159pt x 227.62204pt.
Package epstopdf Info: Source file: <Figures/imag_RCTFPM3_1.eps>
(epstopdf)                    date: 2017-05-03 16:09:12
(epstopdf)                    size: 105569 bytes
(epstopdf)             Output file: <Figures/imag_RCTFPM3_1-eps-converted-to.pd
f>
(epstopdf)                    date: 2017-05-03 16:09:34
(epstopdf)                    size: 17962 bytes
(epstopdf)             Command: <repstopdf --outfile=Figures/imag_RCTFPM3_1-eps
-converted-to.pdf Figures/imag_RCTFPM3_1.eps>
(epstopdf)             \includegraphics on input line 222.
Package epstopdf Info: Output file is already uptodate.

<Figures/imag_RCTFPM3_1-eps-converted-to.pdf, id=289, 979.66pt x 518.93875pt>
File: Figures/imag_RCTFPM3_1-eps-converted-to.pdf Graphic file (type pdf)

<use Figures/imag_RCTFPM3_1-eps-converted-to.pdf>
Package pdftex.def Info: Figures/imag_RCTFPM3_1-eps-converted-to.pdf used on in
put line 222.
(pdftex.def)             Requested size: 429.70639pt x 227.62204pt.
 [7 <./Figures/real_RCTFPM3_1-eps-converted-to.pdf> <./Figures/imag_RCTFPM3_1-e
ps-converted-to.pdf>]
Package epstopdf Info: Source file: <Figures/real_RCTFPM3_2.eps>
(epstopdf)                    date: 2017-05-03 16:11:07
(epstopdf)                    size: 383621 bytes
(epstopdf)             Output file: <Figures/real_RCTFPM3_2-eps-converted-to.pd
f>
(epstopdf)                    date: 2017-05-03 16:11:39
(epstopdf)                    size: 37419 bytes
(epstopdf)             Command: <repstopdf --outfile=Figures/real_RCTFPM3_2-eps
-converted-to.pdf Figures/real_RCTFPM3_2.eps>
(epstopdf)             \includegraphics on input line 257.
Package epstopdf Info: Output file is already uptodate.

<Figures/real_RCTFPM3_2-eps-converted-to.pdf, id=313, 979.66pt x 518.93875pt>
File: Figures/real_RCTFPM3_2-eps-converted-to.pdf Graphic file (type pdf)

<use Figures/real_RCTFPM3_2-eps-converted-to.pdf>
Package pdftex.def Info: Figures/real_RCTFPM3_2-eps-converted-to.pdf used on in
put line 257.
(pdftex.def)             Requested size: 429.70639pt x 227.62204pt.
Package epstopdf Info: Source file: <Figures/imag_RCTFPM3_2.eps>
(epstopdf)                    date: 2017-05-03 16:11:23
(epstopdf)                    size: 383623 bytes
(epstopdf)             Output file: <Figures/imag_RCTFPM3_2-eps-converted-to.pd
f>
(epstopdf)                    date: 2017-05-03 16:11:40
(epstopdf)                    size: 37893 bytes
(epstopdf)             Command: <repstopdf --outfile=Figures/imag_RCTFPM3_2-eps
-converted-to.pdf Figures/imag_RCTFPM3_2.eps>
(epstopdf)             \includegraphics on input line 263.
Package epstopdf Info: Output file is already uptodate.

<Figures/imag_RCTFPM3_2-eps-converted-to.pdf, id=314, 979.66pt x 518.93875pt>
File: Figures/imag_RCTFPM3_2-eps-converted-to.pdf Graphic file (type pdf)

<use Figures/imag_RCTFPM3_2-eps-converted-to.pdf>
Package pdftex.def Info: Figures/imag_RCTFPM3_2-eps-converted-to.pdf used on in
put line 263.
(pdftex.def)             Requested size: 429.70639pt x 227.62204pt.
 [8

 <./Figures/real_RCTFPM3_2-eps-converted-to.pdf>] [9 <./Figures/imag_RCTFPM3_2-
eps-converted-to.pdf>]
Package epstopdf Info: Source file: <Figures/CTFPM_mesh.eps>
(epstopdf)                    date: 2017-05-03 01:40:08
(epstopdf)                    size: 596340 bytes
(epstopdf)             Output file: <Figures/CTFPM_mesh-eps-converted-to.pdf>
(epstopdf)                    date: 2017-05-03 01:47:23
(epstopdf)                    size: 7404 bytes
(epstopdf)             Command: <repstopdf --outfile=Figures/CTFPM_mesh-eps-con
verted-to.pdf Figures/CTFPM_mesh.eps>
(epstopdf)             \includegraphics on input line 272.
Package epstopdf Info: Output file is already uptodate.

<Figures/CTFPM_mesh-eps-converted-to.pdf, id=345, 411.5375pt x 237.88875pt>
File: Figures/CTFPM_mesh-eps-converted-to.pdf Graphic file (type pdf)

<use Figures/CTFPM_mesh-eps-converted-to.pdf>
Package pdftex.def Info: Figures/CTFPM_mesh-eps-converted-to.pdf used on input 
line 272.
(pdftex.def)             Requested size: 196.88896pt x 113.81102pt.
 [10

 <./Figures/CTFPM_mesh-eps-converted-to.pdf>]
Underfull \hbox (badness 10000) in paragraph at lines 308--311

 []

[11]
Underfull \hbox (badness 10000) in paragraph at lines 368--369

 []

Package epstopdf Info: Source file: <Figures/imag_CTFPM.eps>
(epstopdf)                    date: 2017-05-03 15:48:06
(epstopdf)                    size: 191720 bytes
(epstopdf)             Output file: <Figures/imag_CTFPM-eps-converted-to.pdf>
(epstopdf)                    date: 2017-05-03 15:48:51
(epstopdf)                    size: 23977 bytes
(epstopdf)             Command: <repstopdf --outfile=Figures/imag_CTFPM-eps-con
verted-to.pdf Figures/imag_CTFPM.eps>
(epstopdf)             \includegraphics on input line 384.
Package epstopdf Info: Output file is already uptodate.
<Figures/imag_CTFPM-eps-converted-to.pdf, id=359, 979.66pt x 518.93875pt>
File: Figures/imag_CTFPM-eps-converted-to.pdf Graphic file (type pdf)

<use Figures/imag_CTFPM-eps-converted-to.pdf>
Package pdftex.def Info: Figures/imag_CTFPM-eps-converted-to.pdf used on input 
line 384.
(pdftex.def)             Requested size: 429.70639pt x 227.62204pt.
Package epstopdf Info: Source file: <Figures/real_CTFPM.eps>
(epstopdf)                    date: 2017-05-03 15:48:27
(epstopdf)                    size: 191551 bytes
(epstopdf)             Output file: <Figures/real_CTFPM-eps-converted-to.pdf>
(epstopdf)                    date: 2017-05-03 15:48:51
(epstopdf)                    size: 23707 bytes
(epstopdf)             Command: <repstopdf --outfile=Figures/real_CTFPM-eps-con
verted-to.pdf Figures/real_CTFPM.eps>
(epstopdf)             \includegraphics on input line 391.
Package epstopdf Info: Output file is already uptodate.

<Figures/real_CTFPM-eps-converted-to.pdf, id=360, 979.66pt x 518.93875pt>
File: Figures/real_CTFPM-eps-converted-to.pdf Graphic file (type pdf)

<use Figures/real_CTFPM-eps-converted-to.pdf>
Package pdftex.def Info: Figures/real_CTFPM-eps-converted-to.pdf used on input 
line 391.
(pdftex.def)             Requested size: 429.70639pt x 227.62204pt.
 [12] [13 <./Figures/imag_CTFPM-eps-converted-to.pdf> <./Figures/real_CTFPM-eps
-converted-to.pdf>]
Package epstopdf Info: Source file: <Figures/OSTFPM_mesh.eps>
(epstopdf)                    date: 2017-05-03 01:45:12
(epstopdf)                    size: 647734 bytes
(epstopdf)             Output file: <Figures/OSTFPM_mesh-eps-converted-to.pdf>
(epstopdf)                    date: 2017-05-03 01:47:24
(epstopdf)                    size: 7739 bytes
(epstopdf)             Command: <repstopdf --outfile=Figures/OSTFPM_mesh-eps-co
nverted-to.pdf Figures/OSTFPM_mesh.eps>
(epstopdf)             \includegraphics on input line 402.
Package epstopdf Info: Output file is already uptodate.

<Figures/OSTFPM_mesh-eps-converted-to.pdf, id=390, 412.54124pt x 257.96375pt>
File: Figures/OSTFPM_mesh-eps-converted-to.pdf Graphic file (type pdf)

<use Figures/OSTFPM_mesh-eps-converted-to.pdf>
Package pdftex.def Info: Figures/OSTFPM_mesh-eps-converted-to.pdf used on input
 line 402.
(pdftex.def)             Requested size: 182.0097pt x 113.81102pt.
 [14

 <./Figures/OSTFPM_mesh-eps-converted-to.pdf>] [15]
Underfull \hbox (badness 10000) in paragraph at lines 478--479

 []

Package epstopdf Info: Source file: <Figures/imag_OSTFPM_2_1.eps>
(epstopdf)                    date: 2017-05-01 19:22:52
(epstopdf)                    size: 367008 bytes
(epstopdf)             Output file: <Figures/imag_OSTFPM_2_1-eps-converted-to.p
df>
(epstopdf)                    date: 2017-05-01 19:23:21
(epstopdf)                    size: 37932 bytes
(epstopdf)             Command: <repstopdf --outfile=Figures/imag_OSTFPM_2_1-ep
s-converted-to.pdf Figures/imag_OSTFPM_2_1.eps>
(epstopdf)             \includegraphics on input line 493.
Package epstopdf Info: Output file is already uptodate.

<Figures/imag_OSTFPM_2_1-eps-converted-to.pdf, id=405, 979.66pt x 518.93875pt>
File: Figures/imag_OSTFPM_2_1-eps-converted-to.pdf Graphic file (type pdf)

<use Figures/imag_OSTFPM_2_1-eps-converted-to.pdf>
Package pdftex.def Info: Figures/imag_OSTFPM_2_1-eps-converted-to.pdf used on i
nput line 493.
(pdftex.def)             Requested size: 429.70639pt x 227.62204pt.
Package epstopdf Info: Source file: <Figures/real_OSTFPM_2_1.eps>
(epstopdf)                    date: 2017-05-01 19:20:43
(epstopdf)                    size: 366122 bytes
(epstopdf)             Output file: <Figures/real_OSTFPM_2_1-eps-converted-to.p
df>
(epstopdf)                    date: 2017-05-01 19:21:25
(epstopdf)                    size: 37435 bytes
(epstopdf)             Command: <repstopdf --outfile=Figures/real_OSTFPM_2_1-ep
s-converted-to.pdf Figures/real_OSTFPM_2_1.eps>
(epstopdf)             \includegraphics on input line 500.
Package epstopdf Info: Output file is already uptodate.

<Figures/real_OSTFPM_2_1-eps-converted-to.pdf, id=406, 979.66pt x 518.93875pt>
File: Figures/real_OSTFPM_2_1-eps-converted-to.pdf Graphic file (type pdf)

<use Figures/real_OSTFPM_2_1-eps-converted-to.pdf>
Package pdftex.def Info: Figures/real_OSTFPM_2_1-eps-converted-to.pdf used on i
nput line 500.
(pdftex.def)             Requested size: 429.70639pt x 227.62204pt.
) (./Chapters/Chapter2.tex
[16 <./Figures/imag_OSTFPM_2_1-eps-converted-to.pdf>] [17 <./Figures/real_OSTFP
M_2_1-eps-converted-to.pdf>]
Chapter 2.
------------------------------------------------------------------------------
 2 Parabolic Problem
------------------------------------------------------------------------------
[18

] [19]
Underfull \hbox (badness 10000) in paragraph at lines 83--84

 []

[20]
Package epstopdf Info: Source file: <Figures/explicit5_2.eps>
(epstopdf)                    date: 2017-05-03 15:50:50
(epstopdf)                    size: 110521 bytes
(epstopdf)             Output file: <Figures/explicit5_2-eps-converted-to.pdf>
(epstopdf)                    date: 2017-05-03 15:51:05
(epstopdf)                    size: 9204 bytes
(epstopdf)             Command: <repstopdf --outfile=Figures/explicit5_2-eps-co
nverted-to.pdf Figures/explicit5_2.eps>
(epstopdf)             \includegraphics on input line 99.
Package epstopdf Info: Output file is already uptodate.

<Figures/explicit5_2-eps-converted-to.pdf, id=459, 979.66pt x 518.93875pt>
File: Figures/explicit5_2-eps-converted-to.pdf Graphic file (type pdf)

<use Figures/explicit5_2-eps-converted-to.pdf>
Package pdftex.def Info: Figures/explicit5_2-eps-converted-to.pdf used on input
 line 99.
(pdftex.def)             Requested size: 429.70639pt x 227.62204pt.
) (./Chapters/Chapter3.tex
[21

 <./Figures/explicit5_2-eps-converted-to.pdf>]
Chapter 3.
------------------------------------------------------------------------------
 3 TFPM in two dimensions
------------------------------------------------------------------------------

Package hyperref Warning: Difference (2) between bookmark levels is greater 
(hyperref)                than one, level fixed on input line 8.


LaTeX Font Warning: Command \large invalid in math mode on input line 13.


LaTeX Font Warning: Command \large invalid in math mode on input line 13.

Package epstopdf Info: Source file: <Figures/cell_1.eps>
(epstopdf)                    date: 2017-05-03 15:23:14
(epstopdf)                    size: 307164 bytes
(epstopdf)             Output file: <Figures/cell_1-eps-converted-to.pdf>
(epstopdf)                    date: 2017-05-03 15:25:22
(epstopdf)                    size: 7728 bytes
(epstopdf)             Command: <repstopdf --outfile=Figures/cell_1-eps-convert
ed-to.pdf Figures/cell_1.eps>
(epstopdf)             \includegraphics on input line 21.
Package epstopdf Info: Output file is already uptodate.
<Figures/cell_1-eps-converted-to.pdf, id=475, 428.60126pt x 349.305pt>
File: Figures/cell_1-eps-converted-to.pdf Graphic file (type pdf)

<use Figures/cell_1-eps-converted-to.pdf>
Package pdftex.def Info: Figures/cell_1-eps-converted-to.pdf used on input line
 21.
(pdftex.def)             Requested size: 227.62192pt x 142.2619pt.

Underfull \hbox (badness 10000) in paragraph at lines 29--31

 []

[22

 <./Figures/cell_1-eps-converted-to.pdf>] [23] [24]
Package epstopdf Info: Source file: <Figures/CDR_approx_2.eps>
(epstopdf)                    date: 2017-05-03 16:17:58
(epstopdf)                    size: 366511 bytes
(epstopdf)             Output file: <Figures/CDR_approx_2-eps-converted-to.pdf>

(epstopdf)                    date: 2017-05-03 16:18:12
(epstopdf)                    size: 39251 bytes
(epstopdf)             Command: <repstopdf --outfile=Figures/CDR_approx_2-eps-c
onverted-to.pdf Figures/CDR_approx_2.eps>
(epstopdf)             \includegraphics on input line 112.
Package epstopdf Info: Output file is already uptodate.

<Figures/CDR_approx_2-eps-converted-to.pdf, id=510, 979.66pt x 518.93875pt>
File: Figures/CDR_approx_2-eps-converted-to.pdf Graphic file (type pdf)

<use Figures/CDR_approx_2-eps-converted-to.pdf>
Package pdftex.def Info: Figures/CDR_approx_2-eps-converted-to.pdf used on inpu
t line 112.
(pdftex.def)             Requested size: 429.70639pt x 227.62204pt.
Package epstopdf Info: Source file: <Figures/CDR_exact_1.eps>
(epstopdf)                    date: 2017-05-03 16:17:42
(epstopdf)                    size: 365498 bytes
(epstopdf)             Output file: <Figures/CDR_exact_1-eps-converted-to.pdf>
(epstopdf)                    date: 2017-05-03 16:18:13
(epstopdf)                    size: 39029 bytes
(epstopdf)             Command: <repstopdf --outfile=Figures/CDR_exact_1-eps-co
nverted-to.pdf Figures/CDR_exact_1.eps>
(epstopdf)             \includegraphics on input line 113.
Package epstopdf Info: Output file is already uptodate.

<Figures/CDR_exact_1-eps-converted-to.pdf, id=511, 979.66pt x 518.93875pt>
File: Figures/CDR_exact_1-eps-converted-to.pdf Graphic file (type pdf)

<use Figures/CDR_exact_1-eps-converted-to.pdf>
Package pdftex.def Info: Figures/CDR_exact_1-eps-converted-to.pdf used on input
 line 113.
(pdftex.def)             Requested size: 429.70639pt x 227.62204pt.

Overfull \hbox (110.40773pt too wide) in paragraph at lines 110--114
\OT1/cmr/m/n/10.95 (-20) tai-lored fi-nite point method. [] 
 []


Underfull \hbox (badness 10000) in paragraph at lines 110--114

 []

) (./Chapters/Chapter4.tex [25 <./Figures/CDR_approx_2-eps-converted-to.pdf> <.
/Figures/CDR_exact_1-eps-converted-to.pdf>] [26]
Chapter 4.
------------------------------------------------------------------------------
 4 PCTFPM and Shishkin Mesh Theory
------------------------------------------------------------------------------

Overfull \hbox (34.71257pt too wide) in paragraph at lines 10--10
[]\OT1/cmr/bx/n/14.4 Parallelogram Cen-tred Tai-lored Fi-nite Point Method (PCT
FPM) 
 []

<Figures/mesh_PCTFPM.png, id=536, 442.65375pt x 257.96375pt>
File: Figures/mesh_PCTFPM.png Graphic file (type png)

<use Figures/mesh_PCTFPM.png>
Package pdftex.def Info: Figures/mesh_PCTFPM.png used on input line 14.
(pdftex.def)             Requested size: 195.29507pt x 113.81102pt.
 [27

 <./Figures/mesh_PCTFPM.png>]
<Figures/shiskin.png, id=542, 215.80624pt x 176.66pt>
File: Figures/shiskin.png Graphic file (type png)

<use Figures/shiskin.png>
Package pdftex.def Info: Figures/shiskin.png used on input line 63.
(pdftex.def)             Requested size: 139.03094pt x 113.81102pt.
 [28] [29 <./Figures/shiskin.png>])
(./Chapters/Chapter5.tex [30]) [31

]
------------------------------------------------------------------------------
 Bibliography
------------------------------------------------------------------------------

Package glossaries Warning: No \printglossary or \printglossaries found.
(Remove \makeglossaries if you don't want any glossaries.)
This document will not have a glossary.

Package atveryend Info: Empty hook `BeforeClearDocument' on input line 136.
Package atveryend Info: Empty hook `AfterLastShipout' on input line 136.
(./main.aux)
Package atveryend Info: Executing hook `AtVeryEndDocument' on input line 136.
Package atveryend Info: Executing hook `AtEndAfterFileList' on input line 136.


Package rerunfilecheck Warning: File `main.out' has changed.
(rerunfilecheck)                Rerun to get outlines right
(rerunfilecheck)                or use package `bookmark'.

Package rerunfilecheck Info: Checksums for `main.out':
(rerunfilecheck)             Before: 09AAFD8C01B148384084F6C55A798D22;6307
(rerunfilecheck)             After:  F17882F4C1EDE7FC1EFE2D0DC8A04082;6317.

LaTeX Warning: There were multiply-defined labels.

Package atveryend Info: Empty hook `AtVeryVeryEnd' on input line 136.
 ) 
Here is how much of TeX's memory you used:
 18965 strings out of 494953
 280005 string characters out of 6180977
 441753 words of memory out of 5000000
 21685 multiletter control sequences out of 15000+600000
 15653 words of font info for 84 fonts, out of 8000000 for 9000
 14 hyphenation exceptions out of 8191
 53i,19n,77p,1938b,456s stack positions out of 5000i,500n,10000p,200000b,80000s
</usr/share/texlive/texmf-dist/fonts/type1/public/amsfonts/cm/cmbx10.pfb></us
r/share/texlive/texmf-dist/fonts/type1/public/amsfonts/cm/cmbx12.pfb></usr/shar
e/texlive/texmf-dist/fonts/type1/public/amsfonts/cm/cmcsc10.pfb></usr/share/tex
live/texmf-dist/fonts/type1/public/amsfonts/cm/cmex10.pfb></usr/share/texlive/t
exmf-dist/fonts/type1/public/amsfonts/cm/cmmi10.pfb></usr/share/texlive/texmf-d
ist/fonts/type1/public/amsfonts/cm/cmmi6.pfb></usr/share/texlive/texmf-dist/fon
ts/type1/public/amsfonts/cm/cmmi8.pfb></usr/share/texlive/texmf-dist/fonts/type
1/public/amsfonts/cm/cmr10.pfb></usr/share/texlive/texmf-dist/fonts/type1/publi
c/amsfonts/cm/cmr12.pfb></usr/share/texlive/texmf-dist/fonts/type1/public/amsfo
nts/cm/cmr6.pfb></usr/share/texlive/texmf-dist/fonts/type1/public/amsfonts/cm/c
mr8.pfb></usr/share/texlive/texmf-dist/fonts/type1/public/amsfonts/cm/cmsy10.pf
b></usr/share/texlive/texmf-dist/fonts/type1/public/amsfonts/cm/cmsy6.pfb></usr
/share/texlive/texmf-dist/fonts/type1/public/amsfonts/cm/cmsy8.pfb></usr/share/
texlive/texmf-dist/fonts/type1/public/amsfonts/cm/cmti10.pfb></usr/share/texliv
e/texmf-dist/fonts/type1/public/amsfonts/cm/cmti12.pfb></usr/share/texlive/texm
f-dist/fonts/type1/public/amsfonts/symbols/msbm10.pfb>
Output written on main.pdf (38 pages, 646323 bytes).
PDF statistics:
 657 PDF objects out of 1000 (max. 8388607)
 543 compressed objects within 6 object streams
 149 named destinations out of 1000 (max. 500000)
 21869 words of extra memory for PDF output out of 24883 (max. 10000000)

